<?xml version="1.0" encoding="UTF-8"?>
<testsuite name="com.stackroute.ActivityStreamBackend.MessageTest" time="0.407" tests="3" errors="0" skipped="2" failures="0">
  <properties>
[...]
</properties>
  <testcase name="getMessagesByIdTest" classname="com.stackroute.ActivityStreamBackend.MessageTest" time="0">
    <skipped/>
    <system-out><![CDATA[19:32:09.453 [main] DEBUG org.springframework.test.context.junit4.SpringJUnit4ClassRunner - SpringJUnit4ClassRunner constructor called with [class com.stackroute.ActivityStreamBackend.MessageTest]
19:32:09.453 [main] DEBUG org.springframework.test.context.BootstrapUtils - Instantiating CacheAwareContextLoaderDelegate from class [org.springframework.test.context.cache.DefaultCacheAwareContextLoaderDelegate]
19:32:09.453 [main] DEBUG org.springframework.test.context.BootstrapUtils - Instantiating BootstrapContext using constructor [public org.springframework.test.context.support.DefaultBootstrapContext(java.lang.Class,org.springframework.test.context.CacheAwareContextLoaderDelegate)]
19:32:09.454 [main] DEBUG org.springframework.test.context.BootstrapUtils - Instantiating TestContextBootstrapper for test class [com.stackroute.ActivityStreamBackend.MessageTest] from class [org.springframework.boot.test.context.SpringBootTestContextBootstrapper]
19:32:09.455 [main] INFO org.springframework.boot.test.context.SpringBootTestContextBootstrapper - Neither @ContextConfiguration nor @ContextHierarchy found for test class [com.stackroute.ActivityStreamBackend.MessageTest], using SpringBootContextLoader
19:32:09.455 [main] DEBUG org.springframework.test.context.support.AbstractContextLoader - Did not detect default resource location for test class [com.stackroute.ActivityStreamBackend.MessageTest]: class path resource [com/stackroute/ActivityStreamBackend/MessageTest-context.xml] does not exist
19:32:09.456 [main] DEBUG org.springframework.test.context.support.AbstractContextLoader - Did not detect default resource location for test class [com.stackroute.ActivityStreamBackend.MessageTest]: class path resource [com/stackroute/ActivityStreamBackend/MessageTestContext.groovy] does not exist
19:32:09.456 [main] INFO org.springframework.test.context.support.AbstractContextLoader - Could not detect default resource locations for test class [com.stackroute.ActivityStreamBackend.MessageTest]: no resource found for suffixes {-context.xml, Context.groovy}.
19:32:09.463 [main] DEBUG org.springframework.test.context.support.ActiveProfilesUtils - Could not find an 'annotation declaring class' for annotation type [org.springframework.test.context.ActiveProfiles] and class [com.stackroute.ActivityStreamBackend.MessageTest]
19:32:09.466 [main] DEBUG org.springframework.boot.test.context.SpringBootTestContextBootstrapper - @TestExecutionListeners is not present for class [com.stackroute.ActivityStreamBackend.MessageTest]: using defaults.
19:32:09.471 [main] INFO org.springframework.boot.test.context.SpringBootTestContextBootstrapper - Loaded default TestExecutionListener class names from location [META-INF/spring.factories]: [org.springframework.boot.test.mock.mockito.MockitoTestExecutionListener, org.springframework.boot.test.mock.mockito.ResetMocksTestExecutionListener, org.springframework.boot.test.autoconfigure.restdocs.RestDocsTestExecutionListener, org.springframework.boot.test.autoconfigure.web.client.MockRestServiceServerResetTestExecutionListener, org.springframework.boot.test.autoconfigure.web.servlet.MockMvcPrintOnlyOnFailureTestExecutionListener, org.springframework.boot.test.autoconfigure.web.servlet.WebDriverTestExecutionListener, org.springframework.test.context.web.ServletTestExecutionListener, org.springframework.test.context.support.DirtiesContextBeforeModesTestExecutionListener, org.springframework.test.context.support.DependencyInjectionTestExecutionListener, org.springframework.test.context.support.DirtiesContextTestExecutionListener, org.springframework.test.context.transaction.TransactionalTestExecutionListener, org.springframework.test.context.jdbc.SqlScriptsTestExecutionListener]
19:32:09.476 [main] INFO org.springframework.boot.test.context.SpringBootTestContextBootstrapper - Using TestExecutionListeners: [org.springframework.test.context.web.ServletTestExecutionListener@143640d5, org.springframework.test.context.support.DirtiesContextBeforeModesTestExecutionListener@6295d394, org.springframework.boot.test.autoconfigure.SpringBootDependencyInjectionTestExecutionListener@475e586c, org.springframework.test.context.support.DirtiesContextTestExecutionListener@657c8ad9, org.springframework.test.context.transaction.TransactionalTestExecutionListener@436a4e4b, org.springframework.test.context.jdbc.SqlScriptsTestExecutionListener@f2f2cc1, org.springframework.boot.test.autoconfigure.restdocs.RestDocsTestExecutionListener@3a079870, org.springframework.boot.test.autoconfigure.web.client.MockRestServiceServerResetTestExecutionListener@3b2cf7ab, org.springframework.boot.test.mock.mockito.ResetMocksTestExecutionListener@2aa5fe93, org.springframework.boot.test.mock.mockito.MockitoTestExecutionListener@5c1a8622, org.springframework.boot.test.autoconfigure.web.servlet.WebDriverTestExecutionListener@5ad851c9, org.springframework.boot.test.autoconfigure.web.servlet.MockMvcPrintOnlyOnFailureTestExecutionListener@6156496]
19:32:09.476 [main] DEBUG org.springframework.test.annotation.ProfileValueUtils - Retrieved @ProfileValueSourceConfiguration [null] for test class [com.stackroute.ActivityStreamBackend.MessageTest]
19:32:09.476 [main] DEBUG org.springframework.test.annotation.ProfileValueUtils - Retrieved ProfileValueSource type [class org.springframework.test.annotation.SystemProfileValueSource] for class [com.stackroute.ActivityStreamBackend.MessageTest]
19:32:09.477 [main] DEBUG org.springframework.test.annotation.ProfileValueUtils - Retrieved @ProfileValueSourceConfiguration [null] for test class [com.stackroute.ActivityStreamBackend.MessageTest]
19:32:09.477 [main] DEBUG org.springframework.test.annotation.ProfileValueUtils - Retrieved ProfileValueSource type [class org.springframework.test.annotation.SystemProfileValueSource] for class [com.stackroute.ActivityStreamBackend.MessageTest]
19:32:09.483 [main] DEBUG org.springframework.test.context.support.AbstractDirtiesContextTestExecutionListener - Before test class: context [DefaultTestContext@1a0dcaa testClass = MessageTest, testInstance = [null], testMethod = [null], testException = [null], mergedContextConfiguration = [WebMergedContextConfiguration@3bd40a57 testClass = MessageTest, locations = '{}', classes = '{class com.stackroute.ActivityStreamBackend.App, class com.stackroute.ActivityStreamBackend.App}', contextInitializerClasses = '[]', activeProfiles = '{}', propertySourceLocations = '{}', propertySourceProperties = '{org.springframework.boot.test.context.SpringBootTestContextBootstrapper=true, server.port=0}', contextCustomizers = set[org.springframework.boot.test.context.ImportsContextCustomizer@60d88f96, org.springframework.boot.test.context.SpringBootTestContextCustomizer@3701eaf6, org.springframework.boot.test.context.filter.ExcludeFilterContextCustomizer@2758fe70, org.springframework.boot.test.mock.mockito.MockitoContextCustomizer@0, org.springframework.boot.test.autoconfigure.properties.PropertyMappingContextCustomizer@0, org.springframework.boot.test.autoconfigure.web.servlet.WebDriverContextCustomizerFactory$Customizer@711f39f9], resourceBasePath = 'src/main/webapp', contextLoader = 'org.springframework.boot.test.context.SpringBootContextLoader', parent = [null]]], class annotated with @DirtiesContext [false] with mode [null].
]]></system-out>
  </testcase>
  <testcase name="sendMessageTest" classname="com.stackroute.ActivityStreamBackend.MessageTest" time="0">
    <skipped/>
  </testcase>
  <testcase name="getOneToOneMessagesTestCase" classname="com.stackroute.ActivityStreamBackend.MessageTest" time="0.407"/>
</testsuite>