<?xml version="1.0" encoding="UTF-8"?>
<testsuite name="com.stackroute.ActivityStreamBackend.CircleTest" time="0" tests="3" errors="0" skipped="3" failures="0">
  <properties>
[...]
</properties>
  <testcase name="addToCircleTest" classname="com.stackroute.ActivityStreamBackend.CircleTest" time="0">
    <skipped/>
    <system-out><![CDATA[19:32:09.413 [main] DEBUG org.springframework.test.context.junit4.SpringJUnit4ClassRunner - SpringJUnit4ClassRunner constructor called with [class com.stackroute.ActivityStreamBackend.CircleTest]
19:32:09.413 [main] DEBUG org.springframework.test.context.BootstrapUtils - Instantiating CacheAwareContextLoaderDelegate from class [org.springframework.test.context.cache.DefaultCacheAwareContextLoaderDelegate]
19:32:09.414 [main] DEBUG org.springframework.test.context.BootstrapUtils - Instantiating BootstrapContext using constructor [public org.springframework.test.context.support.DefaultBootstrapContext(java.lang.Class,org.springframework.test.context.CacheAwareContextLoaderDelegate)]
19:32:09.415 [main] DEBUG org.springframework.test.context.BootstrapUtils - Instantiating TestContextBootstrapper for test class [com.stackroute.ActivityStreamBackend.CircleTest] from class [org.springframework.boot.test.context.SpringBootTestContextBootstrapper]
19:32:09.416 [main] INFO org.springframework.boot.test.context.SpringBootTestContextBootstrapper - Neither @ContextConfiguration nor @ContextHierarchy found for test class [com.stackroute.ActivityStreamBackend.CircleTest], using SpringBootContextLoader
19:32:09.417 [main] DEBUG org.springframework.test.context.support.AbstractContextLoader - Did not detect default resource location for test class [com.stackroute.ActivityStreamBackend.CircleTest]: class path resource [com/stackroute/ActivityStreamBackend/CircleTest-context.xml] does not exist
19:32:09.418 [main] DEBUG org.springframework.test.context.support.AbstractContextLoader - Did not detect default resource location for test class [com.stackroute.ActivityStreamBackend.CircleTest]: class path resource [com/stackroute/ActivityStreamBackend/CircleTestContext.groovy] does not exist
19:32:09.418 [main] INFO org.springframework.test.context.support.AbstractContextLoader - Could not detect default resource locations for test class [com.stackroute.ActivityStreamBackend.CircleTest]: no resource found for suffixes {-context.xml, Context.groovy}.
19:32:09.428 [main] DEBUG org.springframework.test.context.support.ActiveProfilesUtils - Could not find an 'annotation declaring class' for annotation type [org.springframework.test.context.ActiveProfiles] and class [com.stackroute.ActivityStreamBackend.CircleTest]
19:32:09.432 [main] DEBUG org.springframework.boot.test.context.SpringBootTestContextBootstrapper - @TestExecutionListeners is not present for class [com.stackroute.ActivityStreamBackend.CircleTest]: using defaults.
19:32:09.439 [main] INFO org.springframework.boot.test.context.SpringBootTestContextBootstrapper - Loaded default TestExecutionListener class names from location [META-INF/spring.factories]: [org.springframework.boot.test.mock.mockito.MockitoTestExecutionListener, org.springframework.boot.test.mock.mockito.ResetMocksTestExecutionListener, org.springframework.boot.test.autoconfigure.restdocs.RestDocsTestExecutionListener, org.springframework.boot.test.autoconfigure.web.client.MockRestServiceServerResetTestExecutionListener, org.springframework.boot.test.autoconfigure.web.servlet.MockMvcPrintOnlyOnFailureTestExecutionListener, org.springframework.boot.test.autoconfigure.web.servlet.WebDriverTestExecutionListener, org.springframework.test.context.web.ServletTestExecutionListener, org.springframework.test.context.support.DirtiesContextBeforeModesTestExecutionListener, org.springframework.test.context.support.DependencyInjectionTestExecutionListener, org.springframework.test.context.support.DirtiesContextTestExecutionListener, org.springframework.test.context.transaction.TransactionalTestExecutionListener, org.springframework.test.context.jdbc.SqlScriptsTestExecutionListener]
19:32:09.445 [main] INFO org.springframework.boot.test.context.SpringBootTestContextBootstrapper - Using TestExecutionListeners: [org.springframework.test.context.web.ServletTestExecutionListener@3bbc39f8, org.springframework.test.context.support.DirtiesContextBeforeModesTestExecutionListener@4ae3c1cd, org.springframework.boot.test.autoconfigure.SpringBootDependencyInjectionTestExecutionListener@29f69090, org.springframework.test.context.support.DirtiesContextTestExecutionListener@568bf312, org.springframework.test.context.transaction.TransactionalTestExecutionListener@ca263c2, org.springframework.test.context.jdbc.SqlScriptsTestExecutionListener@589b3632, org.springframework.boot.test.autoconfigure.restdocs.RestDocsTestExecutionListener@45f45fa1, org.springframework.boot.test.autoconfigure.web.client.MockRestServiceServerResetTestExecutionListener@4c6e276e, org.springframework.boot.test.mock.mockito.ResetMocksTestExecutionListener@534df152, org.springframework.boot.test.mock.mockito.MockitoTestExecutionListener@52e677af, org.springframework.boot.test.autoconfigure.web.servlet.WebDriverTestExecutionListener@35083305, org.springframework.boot.test.autoconfigure.web.servlet.MockMvcPrintOnlyOnFailureTestExecutionListener@8e0379d]
19:32:09.447 [main] DEBUG org.springframework.test.annotation.ProfileValueUtils - Retrieved @ProfileValueSourceConfiguration [null] for test class [com.stackroute.ActivityStreamBackend.CircleTest]
19:32:09.447 [main] DEBUG org.springframework.test.annotation.ProfileValueUtils - Retrieved ProfileValueSource type [class org.springframework.test.annotation.SystemProfileValueSource] for class [com.stackroute.ActivityStreamBackend.CircleTest]
19:32:09.449 [main] DEBUG org.springframework.test.annotation.ProfileValueUtils - Retrieved @ProfileValueSourceConfiguration [null] for test class [com.stackroute.ActivityStreamBackend.CircleTest]
19:32:09.449 [main] DEBUG org.springframework.test.annotation.ProfileValueUtils - Retrieved ProfileValueSource type [class org.springframework.test.annotation.SystemProfileValueSource] for class [com.stackroute.ActivityStreamBackend.CircleTest]
]]></system-out>
  </testcase>
  <testcase name="getAllCirclesTest" classname="com.stackroute.ActivityStreamBackend.CircleTest" time="0">
    <skipped/>
  </testcase>
  <testcase name="deleteCircleTest" classname="com.stackroute.ActivityStreamBackend.CircleTest" time="0">
    <skipped/>
  </testcase>
</testsuite>