<?xml version="1.0" encoding="UTF-8"?>
<testsuite name="com.stackroute.ActivityStreamBackend.UserCircleTest" time="0" tests="3" errors="0" skipped="3" failures="0">
  <properties>
[...]
</properties>
  <testcase name="getUsersOfCircleTest" classname="com.stackroute.ActivityStreamBackend.UserCircleTest" time="0">
    <skipped/>
    <system-out><![CDATA[2018-02-13 19:32:18.930  INFO 8320 --- [           main] .b.t.c.SpringBootTestContextBootstrapper : Neither @ContextConfiguration nor @ContextHierarchy found for test class [com.stackroute.ActivityStreamBackend.UserCircleTest], using SpringBootContextLoader
2018-02-13 19:32:18.931  INFO 8320 --- [           main] o.s.t.c.support.AbstractContextLoader    : Could not detect default resource locations for test class [com.stackroute.ActivityStreamBackend.UserCircleTest]: no resource found for suffixes {-context.xml, Context.groovy}.
2018-02-13 19:32:18.946  INFO 8320 --- [           main] .b.t.c.SpringBootTestContextBootstrapper : Loaded default TestExecutionListener class names from location [META-INF/spring.factories]: [org.springframework.boot.test.mock.mockito.MockitoTestExecutionListener, org.springframework.boot.test.mock.mockito.ResetMocksTestExecutionListener, org.springframework.boot.test.autoconfigure.restdocs.RestDocsTestExecutionListener, org.springframework.boot.test.autoconfigure.web.client.MockRestServiceServerResetTestExecutionListener, org.springframework.boot.test.autoconfigure.web.servlet.MockMvcPrintOnlyOnFailureTestExecutionListener, org.springframework.boot.test.autoconfigure.web.servlet.WebDriverTestExecutionListener, org.springframework.test.context.web.ServletTestExecutionListener, org.springframework.test.context.support.DirtiesContextBeforeModesTestExecutionListener, org.springframework.test.context.support.DependencyInjectionTestExecutionListener, org.springframework.test.context.support.DirtiesContextTestExecutionListener, org.springframework.test.context.transaction.TransactionalTestExecutionListener, org.springframework.test.context.jdbc.SqlScriptsTestExecutionListener]
2018-02-13 19:32:18.952  INFO 8320 --- [           main] .b.t.c.SpringBootTestContextBootstrapper : Using TestExecutionListeners: [org.springframework.test.context.web.ServletTestExecutionListener@3d88ce0e, org.springframework.test.context.support.DirtiesContextBeforeModesTestExecutionListener@31f7eb8, org.springframework.boot.test.autoconfigure.SpringBootDependencyInjectionTestExecutionListener@4ad1a276, org.springframework.test.context.support.DirtiesContextTestExecutionListener@4a833595, org.springframework.test.context.transaction.TransactionalTestExecutionListener@31006a75, org.springframework.test.context.jdbc.SqlScriptsTestExecutionListener@49122853, org.springframework.boot.test.autoconfigure.restdocs.RestDocsTestExecutionListener@e97f115, org.springframework.boot.test.autoconfigure.web.client.MockRestServiceServerResetTestExecutionListener@5d6b42cf, org.springframework.boot.test.mock.mockito.ResetMocksTestExecutionListener@6f8ac8d5, org.springframework.boot.test.mock.mockito.MockitoTestExecutionListener@370225c7, org.springframework.boot.test.autoconfigure.web.servlet.WebDriverTestExecutionListener@6ac756b, org.springframework.boot.test.autoconfigure.web.servlet.MockMvcPrintOnlyOnFailureTestExecutionListener@156324b]
]]></system-out>
  </testcase>
  <testcase name="deleteUserFromCircleTest" classname="com.stackroute.ActivityStreamBackend.UserCircleTest" time="0">
    <skipped/>
  </testcase>
  <testcase name="addUserToCircleTest" classname="com.stackroute.ActivityStreamBackend.UserCircleTest" time="0">
    <skipped/>
  </testcase>
</testsuite>